<?xml version="1.0" encoding="UTF-8" ?>
<testsuite tests="2" failures="0" name="com.example.TestGreeter" time="0.078" errors="0" skipped="0">
  <properties>
    <property name="java.runtime.name" value="Java(TM) SE Runtime Environment"/>
    <property name="java.vm.version" value="17.0.5+9-LTS-191"/>
    <property name="sun.boot.library.path" value="C:\Program Files\Java\jdk-17.0.5\bin"/>
    <property name="java.vm.vendor" value="Oracle Corporation"/>
    <property name="java.vendor.url" value="https://java.oracle.com/"/>
    <property name="path.separator" value=";"/>
    <property name="java.vm.name" value="Java HotSpot(TM) 64-Bit Server VM"/>
    <property name="sun.os.patch.level" value=""/>
    <property name="user.script" value=""/>
    <property name="user.country" value="US"/>
    <property name="sun.java.launcher" value="SUN_STANDARD"/>
    <property name="java.vm.specification.name" value="Java Virtual Machine Specification"/>
    <property name="user.dir" value="C:\Users\ngozi\repository\login-page\server"/>
    <property name="java.vm.compressedOopsMode" value="Zero based"/>
    <property name="java.runtime.version" value="17.0.5+9-LTS-191"/>
    <property name="basedir" value="C:\Users\ngozi\repository\login-page\server"/>
    <property name="os.arch" value="amd64"/>
    <property name="surefire.real.class.path" value="C:\Users\ngozi\AppData\Local\Temp\surefirebooter2702096196219885399.jar"/>
    <property name="java.io.tmpdir" value="C:\Users\ngozi\AppData\Local\Temp\"/>
    <property name="line.separator" value="
"/>
    <property name="java.vm.specification.vendor" value="Oracle Corporation"/>
    <property name="user.variant" value=""/>
    <property name="os.name" value="Windows 11"/>
    <property name="sun.jnu.encoding" value="Cp1252"/>
    <property name="java.library.path" value="C:\Program Files\Java\jdk-17.0.5\bin;C:\WINDOWS\Sun\Java\bin;C:\WINDOWS\system32;C:\WINDOWS;C:\WINDOWS\system32;C:\WINDOWS;C:\WINDOWS\System32\Wbem;C:\WINDOWS\System32\WindowsPowerShell\v1.0\;C:\WINDOWS\System32\OpenSSH\;C:\Program Files\PuTTY\;C:\Program Files\Git\cmd;C:\Users\ngozi\Downloads\apache-maven-3.8.6-bin\apache-maven-3.8.6\bin;C:\Program Files\Java\jdk-17.0.5\bin;C:\Users\ngozi\AppData\Local\Microsoft\WindowsApps;C:\Users\ngozi\AppData\Local\Programs\Microsoft VS Code\bin;C:\Program Files\terraform;C:\ProgramData\ngozi\GitHubDesktop\bin;C:\Program Files\Java\jdk-17.0.5\bin;;."/>
    <property name="surefire.test.class.path" value="C:\Users\ngozi\repository\login-page\server\target\test-classes;C:\Users\ngozi\repository\login-page\server\target\classes;C:\Users\ngozi\.m2\repository\junit\junit-dep\4.10\junit-dep-4.10.jar;C:\Users\ngozi\.m2\repository\org\hamcrest\hamcrest-core\1.2.1\hamcrest-core-1.2.1.jar;C:\Users\ngozi\.m2\repository\org\hamcrest\hamcrest-library\1.2.1\hamcrest-library-1.2.1.jar;C:\Users\ngozi\.m2\repository\org\mockito\mockito-core\1.8.5\mockito-core-1.8.5.jar;C:\Users\ngozi\.m2\repository\org\objenesis\objenesis\1.0\objenesis-1.0.jar;"/>
    <property name="jdk.debug" value="release"/>
    <property name="java.class.version" value="61.0"/>
    <property name="java.specification.name" value="Java Platform API Specification"/>
    <property name="sun.management.compiler" value="HotSpot 64-Bit Tiered Compilers"/>
    <property name="os.version" value="10.0"/>
    <property name="user.home" value="C:\Users\ngozi"/>
    <property name="file.encoding" value="Cp1252"/>
    <property name="java.specification.version" value="17"/>
    <property name="user.name" value="ngozi"/>
    <property name="java.class.path" value="C:\Users\ngozi\repository\login-page\server\target\test-classes;C:\Users\ngozi\repository\login-page\server\target\classes;C:\Users\ngozi\.m2\repository\junit\junit-dep\4.10\junit-dep-4.10.jar;C:\Users\ngozi\.m2\repository\org\hamcrest\hamcrest-core\1.2.1\hamcrest-core-1.2.1.jar;C:\Users\ngozi\.m2\repository\org\hamcrest\hamcrest-library\1.2.1\hamcrest-library-1.2.1.jar;C:\Users\ngozi\.m2\repository\org\mockito\mockito-core\1.8.5\mockito-core-1.8.5.jar;C:\Users\ngozi\.m2\repository\org\objenesis\objenesis\1.0\objenesis-1.0.jar;"/>
    <property name="java.vm.specification.version" value="17"/>
    <property name="sun.arch.data.model" value="64"/>
    <property name="sun.java.command" value="C:\Users\ngozi\AppData\Local\Temp\surefirebooter2702096196219885399.jar C:\Users\ngozi\AppData\Local\Temp\surefire1618531371137341456tmp C:\Users\ngozi\AppData\Local\Temp\surefire17181356799496643111tmp"/>
    <property name="java.home" value="C:\Program Files\Java\jdk-17.0.5"/>
    <property name="user.language" value="en"/>
    <property name="java.specification.vendor" value="Oracle Corporation"/>
    <property name="java.vm.info" value="mixed mode, sharing"/>
    <property name="java.version" value="17.0.5"/>
    <property name="native.encoding" value="Cp1252"/>
    <property name="java.vendor" value="Oracle Corporation"/>
    <property name="localRepository" value="C:\Users\ngozi\.m2\repository"/>
    <property name="file.separator" value="\"/>
    <property name="java.version.date" value="2022-10-18"/>
    <property name="java.vendor.url.bug" value="https://bugreport.java.com/bugreport/"/>
    <property name="sun.io.unicode.encoding" value="UnicodeLittle"/>
    <property name="sun.cpu.endian" value="little"/>
    <property name="sun.cpu.isalist" value="amd64"/>
  </properties>
  <testcase classname="com.example.TestGreeter" name="greetShouldIncludeTheOneBeingGreeted" time="0.007"/>
  <testcase classname="com.example.TestGreeter" name="greetShouldIncludeGreetingPhrase" time="0.005"/>
</testsuite>